INFO:sim:172 - Generating IP...
Applying current project options...
Finished applying current project options.
WARNING:sim - A core named 'Image_doc' already exists in the project. Output
   products for this core may be overwritten.
Resolving generics for 'Image_doc'...
WARNING:sim - A core named 'Image_doc' already exists in the project. Output
   products for this core may be overwritten.
Applying external generics to 'Image_doc'...
Delivering associated files for 'Image_doc'...
Delivering EJava files for 'Image_doc'...
Generating implementation netlist for 'Image_doc'...
INFO:sim - Pre-processing HDL files for 'Image_doc'...
Running synthesis for 'Image_doc'
Running ngcbuild...
Writing VHO instantiation template for 'Image_doc'...
Writing VHDL behavioral simulation model for 'Image_doc'...
WARNING:sim - Overwriting existing file
   C:/Users/abhij/Documents/MSCE_UMBC/Sem_2/CMPE-650/Project/Final/Final/ipcore_
   dir/tmp/_cg/Image_doc/doc/blk_mem_gen_v7_3_vinfo.html with file from view
   xilinx_documentation
Delivered 1 file into directory
C:/Users/abhij/Documents/MSCE_UMBC/Sem_2/CMPE-650/Project/Final/Final/ipcore_dir
/tmp/_cg/Image_doc
Generating ASY schematic symbol...
INFO:sim:949 - Finished generation of ASY schematic symbol.
Generating SYM schematic symbol for 'Image_doc'...
Generating metadata file...
Regenerating ISE project file for 'Image_doc'...
Generating ISE project...
XCO file found: Image_doc.xco
XMDF file found: Image_doc_xmdf.tcl
Adding
C:/Users/abhij/Documents/MSCE_UMBC/Sem_2/CMPE-650/Project/Final/Final/ipcore_dir
/tmp/_cg/Image_doc.asy -view all -origin_type imported
Adding
C:/Users/abhij/Documents/MSCE_UMBC/Sem_2/CMPE-650/Project/Final/Final/ipcore_dir
/tmp/_cg/Image_doc.ngc -view all -origin_type created
Checking file
"C:/Users/abhij/Documents/MSCE_UMBC/Sem_2/CMPE-650/Project/Final/Final/ipcore_di
r/tmp/_cg/Image_doc.ngc" for project device match ...
File
"C:/Users/abhij/Documents/MSCE_UMBC/Sem_2/CMPE-650/Project/Final/Final/ipcore_di
r/tmp/_cg/Image_doc.ngc" device information matches project device.
Adding
C:/Users/abhij/Documents/MSCE_UMBC/Sem_2/CMPE-650/Project/Final/Final/ipcore_dir
/tmp/_cg/Image_doc.sym -view all -origin_type imported
Adding
C:/Users/abhij/Documents/MSCE_UMBC/Sem_2/CMPE-650/Project/Final/Final/ipcore_dir
/tmp/_cg/Image_doc.vhd -view all -origin_type created
INFO:HDLCompiler:1061 - Parsing VHDL file
   "C:/Users/abhij/Documents/MSCE_UMBC/Sem_2/CMPE-650/Project/Final/Final/ipcore
   _dir/tmp/_cg/Image_doc.vhd" into library work
INFO:ProjectMgmt - Parsing design hierarchy completed successfully.
Adding
C:/Users/abhij/Documents/MSCE_UMBC/Sem_2/CMPE-650/Project/Final/Final/ipcore_dir
/tmp/_cg/Image_doc.vho -view all -origin_type imported
INFO:TclTasksC:2116 - The automatic calculation of top has been turned-off.
   Please set the new top explicitly by running the "project set top" command.
   To re-calculate the new top automatically, set the "Auto Implementation Top"
   property to true.
Top level has been set to "/Image_doc"
Generating README file...
Generating FLIST file...
INFO:sim:948 - Finished FLIST file generation.
Launching README viewer...
Moving files to output directory...
Finished moving files to output directory
Wrote CGP file for project 'Image_doc'.
